2025-09-12 22:54:40,204 - INFO - 
Monthly Summary:
2025-09-12 22:54:40,206 - INFO -       Month    Credit     Debit
0   2024-09  44086.45  42783.65
1   2024-10  27026.12  19449.72
2   2024-11  29888.55  28195.75
3   2024-12  31073.16  28616.28
4   2025-01  11887.76  16422.93
5   2025-02  13190.10  12544.37
6   2025-03  11527.16  11554.89
7   2025-04  14304.16  14880.22
8   2025-05  15329.90  12965.71
9   2025-06  15417.20  18783.21
10  2025-07  18172.77  17882.22
11  2025-08  17457.46  16738.25
12  2025-09  11352.00  11331.60
2025-09-12 22:54:40,302 - INFO - 127.0.0.1 - - [12/Sep/2025 22:54:40] "GET / HTTP/1.1" 200 -
2025-09-12 23:07:47,499 - INFO -  * Detected change in '/Users/black-pearl/AutoStatementBot/flaskapp.py', reloading
2025-09-12 23:07:54,130 - INFO - 
Monthly Summary:
2025-09-12 23:07:54,132 - INFO -       Month    Credit     Debit
0   2024-09  44086.45  42783.65
1   2024-10  27026.12  19449.72
2   2024-11  29888.55  28195.75
3   2024-12  31073.16  28616.28
4   2025-01  11887.76  16422.93
5   2025-02  13190.10  12544.37
6   2025-03  11527.16  11554.89
7   2025-04  14304.16  14880.22
8   2025-05  15329.90  12965.71
9   2025-06  15417.20  18783.21
10  2025-07  18172.77  17882.22
11  2025-08  17457.46  16738.25
12  2025-09  11352.00  11331.60
2025-09-12 23:07:54,225 - INFO - 127.0.0.1 - - [12/Sep/2025 23:07:54] "GET / HTTP/1.1" 200 -
2025-09-12 23:08:27,202 - INFO -  * Detected change in '/Users/black-pearl/AutoStatementBot/flaskapp.py', reloading
2025-09-12 23:08:29,257 - INFO - 
Monthly Summary:
2025-09-12 23:08:29,259 - INFO -       Month    Credit     Debit
0   2024-09  44086.45  42783.65
1   2024-10  27026.12  19449.72
2   2024-11  29888.55  28195.75
3   2024-12  31073.16  28616.28
4   2025-01  11887.76  16422.93
5   2025-02  13190.10  12544.37
6   2025-03  11527.16  11554.89
7   2025-04  14304.16  14880.22
8   2025-05  15329.90  12965.71
9   2025-06  15417.20  18783.21
10  2025-07  18172.77  17882.22
11  2025-08  17457.46  16738.25
12  2025-09  11352.00  11331.60
2025-09-12 23:08:29,348 - INFO - 127.0.0.1 - - [12/Sep/2025 23:08:29] "GET / HTTP/1.1" 200 -
2025-09-12 23:08:43,152 - INFO -  * Detected change in '/Users/black-pearl/AutoStatementBot/flaskapp.py', reloading
2025-09-12 23:08:46,081 - INFO - 
Monthly Summary:
2025-09-12 23:08:46,084 - INFO -       Month    Credit     Debit
0   2024-09  44086.45  42783.65
1   2024-10  27026.12  19449.72
2   2024-11  29888.55  28195.75
3   2024-12  31073.16  28616.28
4   2025-01  11887.76  16422.93
5   2025-02  13190.10  12544.37
6   2025-03  11527.16  11554.89
7   2025-04  14304.16  14880.22
8   2025-05  15329.90  12965.71
9   2025-06  15417.20  18783.21
10  2025-07  18172.77  17882.22
11  2025-08  17457.46  16738.25
12  2025-09  11352.00  11331.60
2025-09-12 23:08:46,172 - INFO - 127.0.0.1 - - [12/Sep/2025 23:08:46] "GET / HTTP/1.1" 200 -
2025-09-12 23:08:53,802 - INFO -  * Detected change in '/Users/black-pearl/AutoStatementBot/flaskapp.py', reloading
2025-09-12 23:08:56,580 - INFO - 
Monthly Summary:
2025-09-12 23:08:56,582 - INFO -       Month    Credit     Debit
0   2024-09  44086.45  42783.65
1   2024-10  27026.12  19449.72
2   2024-11  29888.55  28195.75
3   2024-12  31073.16  28616.28
4   2025-01  11887.76  16422.93
5   2025-02  13190.10  12544.37
6   2025-03  11527.16  11554.89
7   2025-04  14304.16  14880.22
8   2025-05  15329.90  12965.71
9   2025-06  15417.20  18783.21
10  2025-07  18172.77  17882.22
11  2025-08  17457.46  16738.25
12  2025-09  11352.00  11331.60
2025-09-12 23:08:56,667 - INFO - 127.0.0.1 - - [12/Sep/2025 23:08:56] "GET / HTTP/1.1" 200 -
2025-09-12 23:09:42,632 - INFO -  * Detected change in '/Users/black-pearl/AutoStatementBot/flaskapp.py', reloading
2025-09-12 23:09:43,679 - INFO - 
Monthly Summary:
2025-09-12 23:09:43,681 - INFO -       Month    Credit     Debit
0   2024-09  44086.45  42783.65
1   2024-10  27026.12  19449.72
2   2024-11  29888.55  28195.75
3   2024-12  31073.16  28616.28
4   2025-01  11887.76  16422.93
5   2025-02  13190.10  12544.37
6   2025-03  11527.16  11554.89
7   2025-04  14304.16  14880.22
8   2025-05  15329.90  12965.71
9   2025-06  15417.20  18783.21
10  2025-07  18172.77  17882.22
11  2025-08  17457.46  16738.25
12  2025-09  11352.00  11331.60
2025-09-12 23:09:43,776 - INFO - 127.0.0.1 - - [12/Sep/2025 23:09:43] "GET / HTTP/1.1" 200 -
2025-09-12 23:09:56,042 - INFO -  * Detected change in '/Users/black-pearl/AutoStatementBot/flaskapp.py', reloading
2025-09-12 23:09:57,138 - INFO - 
Monthly Summary:
2025-09-12 23:09:57,140 - INFO -       Month    Credit     Debit
0   2024-09  44086.45  42783.65
1   2024-10  27026.12  19449.72
2   2024-11  29888.55  28195.75
3   2024-12  31073.16  28616.28
4   2025-01  11887.76  16422.93
5   2025-02  13190.10  12544.37
6   2025-03  11527.16  11554.89
7   2025-04  14304.16  14880.22
8   2025-05  15329.90  12965.71
9   2025-06  15417.20  18783.21
10  2025-07  18172.77  17882.22
11  2025-08  17457.46  16738.25
12  2025-09  11352.00  11331.60
2025-09-12 23:09:57,230 - INFO - 127.0.0.1 - - [12/Sep/2025 23:09:57] "GET / HTTP/1.1" 200 -
2025-09-12 23:10:02,846 - INFO -  * Detected change in '/Users/black-pearl/AutoStatementBot/flaskapp.py', reloading
2025-09-12 23:10:04,638 - INFO - 
Monthly Summary:
2025-09-12 23:10:04,641 - INFO -       Month    Credit     Debit
0   2024-09  44086.45  42783.65
1   2024-10  27026.12  19449.72
2   2024-11  29888.55  28195.75
3   2024-12  31073.16  28616.28
4   2025-01  11887.76  16422.93
5   2025-02  13190.10  12544.37
6   2025-03  11527.16  11554.89
7   2025-04  14304.16  14880.22
8   2025-05  15329.90  12965.71
9   2025-06  15417.20  18783.21
10  2025-07  18172.77  17882.22
11  2025-08  17457.46  16738.25
12  2025-09  11352.00  11331.60
2025-09-12 23:10:04,722 - INFO - 127.0.0.1 - - [12/Sep/2025 23:10:04] "GET / HTTP/1.1" 200 -
2025-09-12 23:10:16,024 - INFO -  * Detected change in '/Users/black-pearl/AutoStatementBot/flaskapp.py', reloading
2025-09-12 23:10:17,066 - INFO - 
Monthly Summary:
2025-09-12 23:10:17,068 - INFO -       Month    Credit     Debit
0   2024-09  44086.45  42783.65
1   2024-10  27026.12  19449.72
2   2024-11  29888.55  28195.75
3   2024-12  31073.16  28616.28
4   2025-01  11887.76  16422.93
5   2025-02  13190.10  12544.37
6   2025-03  11527.16  11554.89
7   2025-04  14304.16  14880.22
8   2025-05  15329.90  12965.71
9   2025-06  15417.20  18783.21
10  2025-07  18172.77  17882.22
11  2025-08  17457.46  16738.25
12  2025-09  11352.00  11331.60
2025-09-12 23:10:17,165 - INFO - 127.0.0.1 - - [12/Sep/2025 23:10:17] "GET / HTTP/1.1" 200 -
2025-09-12 23:11:06,358 - INFO -  * Detected change in '/Users/black-pearl/AutoStatementBot/flaskapp.py', reloading
2025-09-12 23:11:07,425 - INFO - 
Monthly Summary:
2025-09-12 23:11:07,427 - INFO -       Month    Credit     Debit
0   2024-09  44086.45  42783.65
1   2024-10  27026.12  19449.72
2   2024-11  29888.55  28195.75
3   2024-12  31073.16  28616.28
4   2025-01  11887.76  16422.93
5   2025-02  13190.10  12544.37
6   2025-03  11527.16  11554.89
7   2025-04  14304.16  14880.22
8   2025-05  15329.90  12965.71
9   2025-06  15417.20  18783.21
10  2025-07  18172.77  17882.22
11  2025-08  17457.46  16738.25
12  2025-09  11352.00  11331.60
2025-09-12 23:11:07,518 - INFO - 127.0.0.1 - - [12/Sep/2025 23:11:07] "GET / HTTP/1.1" 200 -
2025-09-12 23:11:15,766 - INFO -  * Detected change in '/Users/black-pearl/AutoStatementBot/flaskapp.py', reloading
2025-09-12 23:11:17,551 - INFO - 
Monthly Summary:
2025-09-12 23:11:17,553 - INFO -       Month    Credit     Debit
0   2024-09  44086.45  42783.65
1   2024-10  27026.12  19449.72
2   2024-11  29888.55  28195.75
3   2024-12  31073.16  28616.28
4   2025-01  11887.76  16422.93
5   2025-02  13190.10  12544.37
6   2025-03  11527.16  11554.89
7   2025-04  14304.16  14880.22
8   2025-05  15329.90  12965.71
9   2025-06  15417.20  18783.21
10  2025-07  18172.77  17882.22
11  2025-08  17457.46  16738.25
12  2025-09  11352.00  11331.60
2025-09-12 23:11:17,639 - INFO - 127.0.0.1 - - [12/Sep/2025 23:11:17] "GET / HTTP/1.1" 200 -
2025-09-12 23:11:25,046 - INFO -  * Detected change in '/Users/black-pearl/AutoStatementBot/flaskapp.py', reloading
2025-09-12 23:11:26,274 - INFO - 
Monthly Summary:
2025-09-12 23:11:26,275 - INFO -       Month    Credit     Debit
0   2024-09  44086.45  42783.65
1   2024-10  27026.12  19449.72
2   2024-11  29888.55  28195.75
3   2024-12  31073.16  28616.28
4   2025-01  11887.76  16422.93
5   2025-02  13190.10  12544.37
6   2025-03  11527.16  11554.89
7   2025-04  14304.16  14880.22
8   2025-05  15329.90  12965.71
9   2025-06  15417.20  18783.21
10  2025-07  18172.77  17882.22
11  2025-08  17457.46  16738.25
12  2025-09  11352.00  11331.60
2025-09-12 23:11:26,351 - INFO - 127.0.0.1 - - [12/Sep/2025 23:11:26] "GET / HTTP/1.1" 200 -
2025-09-12 23:30:39,994 - INFO -  * Detected change in '/Users/black-pearl/AutoStatementBot/flaskapp.py', reloading
2025-09-12 23:30:45,369 - INFO - 
Monthly Summary:
2025-09-12 23:30:45,371 - INFO -       Month    Credit     Debit
0   2024-09  44086.45  42783.65
1   2024-10  27026.12  19449.72
2   2024-11  29888.55  28195.75
3   2024-12  31073.16  28616.28
4   2025-01  11887.76  16422.93
5   2025-02  13190.10  12544.37
6   2025-03  11527.16  11554.89
7   2025-04  14304.16  14880.22
8   2025-05  15329.90  12965.71
9   2025-06  15417.20  18783.21
10  2025-07  18172.77  17882.22
11  2025-08  17457.46  16738.25
12  2025-09  11352.00  11331.60
2025-09-12 23:30:45,478 - INFO - 127.0.0.1 - - [12/Sep/2025 23:30:45] "GET / HTTP/1.1" 200 -
2025-09-12 23:35:19,833 - INFO -  * Detected change in '/Users/black-pearl/AutoStatementBot/flaskapp.py', reloading
2025-09-12 23:35:24,588 - INFO - 
Monthly Summary:
2025-09-12 23:35:24,590 - INFO -       Month    Credit     Debit
0   2024-09  44086.45  42783.65
1   2024-10  27026.12  19449.72
2   2024-11  29888.55  28195.75
3   2024-12  31073.16  28616.28
4   2025-01  11887.76  16422.93
5   2025-02  13190.10  12544.37
6   2025-03  11527.16  11554.89
7   2025-04  14304.16  14880.22
8   2025-05  15329.90  12965.71
9   2025-06  15417.20  18783.21
10  2025-07  18172.77  17882.22
11  2025-08  17457.46  16738.25
12  2025-09  11352.00  11331.60
2025-09-12 23:35:24,681 - INFO - 127.0.0.1 - - [12/Sep/2025 23:35:24] "GET / HTTP/1.1" 200 -
2025-09-13 09:48:22,580 - INFO - 
Monthly Summary:
2025-09-13 09:48:22,582 - INFO -       Month    Credit     Debit
0   2024-09  44086.45  42783.65
1   2024-10  27026.12  19449.72
2   2024-11  29888.55  28195.75
3   2024-12  31073.16  28616.28
4   2025-01  11887.76  16422.93
5   2025-02  13190.10  12544.37
6   2025-03  11527.16  11554.89
7   2025-04  14304.16  14880.22
8   2025-05  15329.90  12965.71
9   2025-06  15417.20  18783.21
10  2025-07  18172.77  17882.22
11  2025-08  17457.46  16738.25
12  2025-09  11352.00  11331.60
2025-09-13 09:48:22,604 - INFO - 127.0.0.1 - - [13/Sep/2025 09:48:22] "GET / HTTP/1.1" 200 -
2025-09-13 09:54:44,352 - INFO - 
Monthly Summary:
2025-09-13 09:54:44,354 - INFO -       Month    Credit     Debit
0   2024-09  44086.45  42783.65
1   2024-10  27026.12  19449.72
2   2024-11  29888.55  28195.75
3   2024-12  31073.16  28616.28
4   2025-01  11887.76  16422.93
5   2025-02  13190.10  12544.37
6   2025-03  11527.16  11554.89
7   2025-04  14304.16  14880.22
8   2025-05  15329.90  12965.71
9   2025-06  15417.20  18783.21
10  2025-07  18172.77  17882.22
11  2025-08  17457.46  16738.25
12  2025-09  11352.00  11331.60
2025-09-13 09:54:44,377 - INFO - 127.0.0.1 - - [13/Sep/2025 09:54:44] "GET / HTTP/1.1" 200 -
2025-09-13 09:59:00,589 - INFO -  * Detected change in '/Users/black-pearl/AutoStatementBot/flaskapp.py', reloading
