2025-09-13 10:04:19,303 - INFO - 
Monthly Summary:
2025-09-13 10:04:19,306 - INFO -       Month    Credit     Debit
0   2024-09  44086.45  42783.65
1   2024-10  27026.12  19449.72
2   2024-11  29888.55  28195.75
3   2024-12  31073.16  28616.28
4   2025-01  11887.76  16422.93
5   2025-02  13190.10  12544.37
6   2025-03  11527.16  11554.89
7   2025-04  14304.16  14880.22
8   2025-05  15329.90  12965.71
9   2025-06  15417.20  18783.21
10  2025-07  18172.77  17882.22
11  2025-08  17457.46  16738.25
12  2025-09  11352.00  11331.60
2025-09-13 10:04:19,397 - INFO - 127.0.0.1 - - [13/Sep/2025 10:04:19] "GET / HTTP/1.1" 200 -
2025-09-15 09:54:04,644 - INFO - 
Monthly Summary:
2025-09-15 09:54:04,648 - INFO -       Month    Credit     Debit
0   2024-09  44086.45  42783.65
1   2024-10  27026.12  19449.72
2   2024-11  29888.55  28195.75
3   2024-12  31073.16  28616.28
4   2025-01  11887.76  16422.93
5   2025-02  13190.10  12544.37
6   2025-03  11527.16  11554.89
7   2025-04  14304.16  14880.22
8   2025-05  15329.90  12965.71
9   2025-06  15417.20  18783.21
10  2025-07  18172.77  17882.22
11  2025-08  17457.46  16738.25
12  2025-09  11352.00  11331.60
2025-09-15 09:54:04,669 - INFO - 127.0.0.1 - - [15/Sep/2025 09:54:04] "GET / HTTP/1.1" 200 -
2025-09-15 20:22:39,193 - INFO -  * Detected change in '/Users/black-pearl/AutoStatementBot/flaskappnew.py', reloading
